Using pre-set license
Built from '2022.3/staging' branch; Version is '2022.3.10f1 (ff3792e53c62) revision 16725906'; Using compiler version '192829333'; Build Type 'Release'
OS: 'Windows 10  (10.0.19045) 64bit Professional' Language: 'es' Physical Memory: 16251 MB
BatchMode: 1, IsHumanControllingUs: 0, StartBugReporterOnCrash: 0, Is64bit: 1, IsPro: 1

COMMAND LINE ARGUMENTS:
C:\Program Files\Unity\Hub\Editor\2022.3.10f1\Editor\Unity.exe
-adb2
-batchMode
-noUpm
-name
AssetImportWorker0
-projectPath
C:/Users/alumTA/Documents/MIX MATERIAS S23/GITHUB/Videojuego3D/Videojuego3D_Imanol
-logFile
Logs/AssetImportWorker0.log
-srvPort
50113
Successfully changed project path to: C:/Users/alumTA/Documents/MIX MATERIAS S23/GITHUB/Videojuego3D/Videojuego3D_Imanol
C:/Users/alumTA/Documents/MIX MATERIAS S23/GITHUB/Videojuego3D/Videojuego3D_Imanol
[UnityMemory] Configuration Parameters - Can be set up in boot.config
    "memorysetup-bucket-allocator-granularity=16"
    "memorysetup-bucket-allocator-bucket-count=8"
    "memorysetup-bucket-allocator-block-size=33554432"
    "memorysetup-bucket-allocator-block-count=8"
    "memorysetup-main-allocator-block-size=16777216"
    "memorysetup-thread-allocator-block-size=16777216"
    "memorysetup-gfx-main-allocator-block-size=16777216"
    "memorysetup-gfx-thread-allocator-block-size=16777216"
    "memorysetup-cache-allocator-block-size=4194304"
    "memorysetup-typetree-allocator-block-size=2097152"
    "memorysetup-profiler-bucket-allocator-granularity=16"
    "memorysetup-profiler-bucket-allocator-bucket-count=8"
    "memorysetup-profiler-bucket-allocator-block-size=33554432"
    "memorysetup-profiler-bucket-allocator-block-count=8"
    "memorysetup-profiler-allocator-block-size=16777216"
    "memorysetup-profiler-editor-allocator-block-size=1048576"
    "memorysetup-temp-allocator-size-main=16777216"
    "memorysetup-job-temp-allocator-block-size=2097152"
    "memorysetup-job-temp-allocator-block-size-background=1048576"
    "memorysetup-job-temp-allocator-reduction-small-platforms=262144"
    "memorysetup-allocator-temp-initial-block-size-main=262144"
    "memorysetup-allocator-temp-initial-block-size-worker=262144"
    "memorysetup-temp-allocator-size-background-worker=32768"
    "memorysetup-temp-allocator-size-job-worker=262144"
    "memorysetup-temp-allocator-size-preload-manager=33554432"
    "memorysetup-temp-allocator-size-nav-mesh-worker=65536"
    "memorysetup-temp-allocator-size-audio-worker=65536"
    "memorysetup-temp-allocator-size-cloud-worker=32768"
    "memorysetup-temp-allocator-size-gi-baking-worker=262144"
    "memorysetup-temp-allocator-size-gfx=262144"
Player connection [7360] Host "[IP] 172.20.17.114 [Port] 0 [Flags] 2 [Guid] 2704654630 [EditorId] 2704654630 [Version] 1048832 [Id] WindowsEditor(7,3masan-A17-14) [Debug] 1 [PackageName] WindowsEditor [ProjectName] Editor" joined multi-casting on [225.0.0.222:54997]...

Player connection [7360] Host "[IP] 172.20.17.114 [Port] 0 [Flags] 2 [Guid] 2704654630 [EditorId] 2704654630 [Version] 1048832 [Id] WindowsEditor(7,3masan-A17-14) [Debug] 1 [PackageName] WindowsEditor [ProjectName] Editor" joined alternative multi-casting on [225.0.0.222:34997]...

[Physics::Module] Initialized MultithreadedJobDispatcher with 11 workers.
Refreshing native plugins compatible for Editor in 5.27 ms, found 3 plugins.
Preloading 0 native plugins for Editor in 0.00 ms.
Initialize engine version: 2022.3.10f1 (ff3792e53c62)
[Subsystems] Discovering subsystems at path C:/Program Files/Unity/Hub/Editor/2022.3.10f1/Editor/Data/Resources/UnitySubsystems
[Subsystems] Discovering subsystems at path C:/Users/alumTA/Documents/MIX MATERIAS S23/GITHUB/Videojuego3D/Videojuego3D_Imanol/Assets
GfxDevice: creating device client; threaded=0; jobified=0
Direct3D:
    Version:  Direct3D 11.0 [level 11.1]
    Renderer: NVIDIA GeForce GTX 1650 (ID=0x2188)
    Vendor:   NVIDIA
    VRAM:     3949 MB
    Driver:   31.0.15.3623
Initialize mono
Mono path[0] = 'C:/Program Files/Unity/Hub/Editor/2022.3.10f1/Editor/Data/Managed'
Mono path[1] = 'C:/Program Files/Unity/Hub/Editor/2022.3.10f1/Editor/Data/MonoBleedingEdge/lib/mono/unityjit-win32'
Mono config path = 'C:/Program Files/Unity/Hub/Editor/2022.3.10f1/Editor/Data/MonoBleedingEdge/etc'
Using monoOptions --debugger-agent=transport=dt_socket,embedding=1,server=y,suspend=n,address=127.0.0.1:56116
Begin MonoManager ReloadAssembly
Registering precompiled unity dll's ...
Register platform support module: C:/Program Files/Unity/Hub/Editor/2022.3.10f1/Editor/Data/PlaybackEngines/WindowsStandaloneSupport/UnityEditor.WindowsStandalone.Extensions.dll
Registered in 0.005894 seconds.
- Loaded All Assemblies, in  0.270 seconds
Native extension for WindowsStandalone target not found
Mono: successfully reloaded assembly
- Finished resetting the current domain, in  0.205 seconds
Domain Reload Profiling: 474ms
	BeginReloadAssembly (84ms)
		ExecutionOrderSort (0ms)
		DisableScriptedObjects (0ms)
		BackupInstance (0ms)
		ReleaseScriptingObjects (0ms)
		CreateAndSetChildDomain (1ms)
	RebuildCommonClasses (30ms)
	RebuildNativeTypeToScriptingClass (9ms)
	initialDomainReloadingComplete (45ms)
	LoadAllAssembliesAndSetupDomain (102ms)
		LoadAssemblies (82ms)
		RebuildTransferFunctionScriptingTraits (0ms)
		AnalyzeDomain (100ms)
			TypeCache.Refresh (99ms)
				TypeCache.ScanAssembly (90ms)
			ScanForSourceGeneratedMonoScriptInfo (0ms)
			ResolveRequiredComponents (0ms)
	FinalizeReload (205ms)
		ReleaseScriptCaches (0ms)
		RebuildScriptCaches (0ms)
		SetupLoadedEditorAssemblies (157ms)
			LogAssemblyErrors (0ms)
			InitializePlatformSupportModulesInManaged (7ms)
			SetLoadedEditorAssemblies (6ms)
			RefreshPlugins (0ms)
			BeforeProcessingInitializeOnLoad (2ms)
			ProcessInitializeOnLoadAttributes (101ms)
			ProcessInitializeOnLoadMethodAttributes (40ms)
			AfterProcessingInitializeOnLoad (0ms)
			EditorAssembliesLoaded (0ms)
		ExecutionOrderSort2 (0ms)
		AwakeInstancesAfterBackupRestoration (0ms)
========================================================================
Worker process is ready to serve import requests
Begin MonoManager ReloadAssembly
- Loaded All Assemblies, in  0.523 seconds
Refreshing native plugins compatible for Editor in 4.31 ms, found 3 plugins.
Native extension for WindowsStandalone target not found
Package Manager log level set to [2]
[Package Manager] Server::EnsureServerProcessIsRunning -- launch failed, reason: Unity was launched with the -noUpm command-line argument
[Package Manager] UpmClient::Send -- Unable to send message (not connected to UPM process).
[Package Manager] Cannot connect to Unity Package Manager local server
Mono: successfully reloaded assembly
- Finished resetting the current domain, in  0.489 seconds
Domain Reload Profiling: 1011ms
	BeginReloadAssembly (128ms)
		ExecutionOrderSort (0ms)
		DisableScriptedObjects (6ms)
		BackupInstance (0ms)
		ReleaseScriptingObjects (0ms)
		CreateAndSetChildDomain (18ms)
	RebuildCommonClasses (25ms)
	RebuildNativeTypeToScriptingClass (8ms)
	initialDomainReloadingComplete (36ms)
	LoadAllAssembliesAndSetupDomain (324ms)
		LoadAssemblies (235ms)
		RebuildTransferFunctionScriptingTraits (0ms)
		AnalyzeDomain (160ms)
			TypeCache.Refresh (142ms)
				TypeCache.ScanAssembly (127ms)
			ScanForSourceGeneratedMonoScriptInfo (13ms)
			ResolveRequiredComponents (4ms)
	FinalizeReload (490ms)
		ReleaseScriptCaches (0ms)
		RebuildScriptCaches (0ms)
		SetupLoadedEditorAssemblies (360ms)
			LogAssemblyErrors (0ms)
			InitializePlatformSupportModulesInManaged (5ms)
			SetLoadedEditorAssemblies (4ms)
			RefreshPlugins (0ms)
			BeforeProcessingInitializeOnLoad (53ms)
			ProcessInitializeOnLoadAttributes (279ms)
			ProcessInitializeOnLoadMethodAttributes (15ms)
			AfterProcessingInitializeOnLoad (5ms)
			EditorAssembliesLoaded (0ms)
		ExecutionOrderSort2 (0ms)
		AwakeInstancesAfterBackupRestoration (5ms)
Launched and connected shader compiler UnityShaderCompiler.exe after 0.03 seconds
Refreshing native plugins compatible for Editor in 3.34 ms, found 3 plugins.
Preloading 0 native plugins for Editor in 0.00 ms.
Unloading 3234 Unused Serialized files (Serialized files now loaded: 0)
Unloading 44 unused Assets / (129.7 KB). Loaded Objects now: 3695.
Memory consumption went from 118.0 MB to 117.9 MB.
Total: 2.902500 ms (FindLiveObjects: 0.233900 ms CreateObjectMapping: 0.115100 ms MarkObjects: 2.430400 ms  DeleteObjects: 0.122100 ms)

AssetImportParameters requested are different than current active one (requested -> active):
  custom:container-demuxer-ogg: 62fdf1f143b41e24485cea50d1cbac27 -> 
  custom:video-decoder-ogg-theora: a1e56fd34408186e4bbccfd4996cb3dc -> 
  custom:framework-win-MediaFoundation: 216162199b28c13a410421893ffa2e32 -> 
  custom:CustomObjectIndexerAttribute: 756ad292c208cfabdd7b50bc23989ffe -> 
  custom:container-demuxer-webm: 4f35f7cbe854078d1ac9338744f61a02 -> 
  custom:container-muxer-webm: aa71ff27fc2769a1b78a27578f13a17b -> 
  custom:video-decoder-webm-vp8: 9c59270c3fd7afecdb556c50c9e8de78 -> 
  custom:SearchIndexIgnoredProperties: e643bd26f0fe6173181afceb89e7c659 -> 
  custom:AudioImporter_EditorPlatform: d09bf68614088b80899f8185d706f6e7 -> 
  custom:video-encoder-webm-vp8: eb34c28f22e8b96e1ab97ce403110664 -> 
  custom:audio-decoder-ogg-vorbis: bf7c407c2cedff20999df2af8eb42d56 -> 
  custom:audio-encoder-webm-vorbis: bf7c407c2cedff20999df2af8eb42d56 -> 
========================================================================
Received Prepare
Begin MonoManager ReloadAssembly
- Loaded All Assemblies, in  0.334 seconds
Refreshing native plugins compatible for Editor in 2.10 ms, found 3 plugins.
Native extension for WindowsStandalone target not found
[Package Manager] Server::EnsureServerProcessIsRunning -- launch failed, reason: Unity was launched with the -noUpm command-line argument
[Package Manager] UpmClient::Send -- Unable to send message (not connected to UPM process).
[Package Manager] Cannot connect to Unity Package Manager local server
Mono: successfully reloaded assembly
- Finished resetting the current domain, in  0.732 seconds
Domain Reload Profiling: 1065ms
	BeginReloadAssembly (122ms)
		ExecutionOrderSort (0ms)
		DisableScriptedObjects (4ms)
		BackupInstance (0ms)
		ReleaseScriptingObjects (0ms)
		CreateAndSetChildDomain (27ms)
	RebuildCommonClasses (32ms)
	RebuildNativeTypeToScriptingClass (9ms)
	initialDomainReloadingComplete (22ms)
	LoadAllAssembliesAndSetupDomain (148ms)
		LoadAssemblies (202ms)
		RebuildTransferFunctionScriptingTraits (0ms)
		AnalyzeDomain (10ms)
			TypeCache.Refresh (5ms)
				TypeCache.ScanAssembly (0ms)
			ScanForSourceGeneratedMonoScriptInfo (0ms)
			ResolveRequiredComponents (4ms)
	FinalizeReload (732ms)
		ReleaseScriptCaches (0ms)
		RebuildScriptCaches (0ms)
		SetupLoadedEditorAssemblies (358ms)
			LogAssemblyErrors (0ms)
			InitializePlatformSupportModulesInManaged (7ms)
			SetLoadedEditorAssemblies (4ms)
			RefreshPlugins (0ms)
			BeforeProcessingInitializeOnLoad (51ms)
			ProcessInitializeOnLoadAttributes (270ms)
			ProcessInitializeOnLoadMethodAttributes (17ms)
			AfterProcessingInitializeOnLoad (8ms)
			EditorAssembliesLoaded (0ms)
		ExecutionOrderSort2 (0ms)
		AwakeInstancesAfterBackupRestoration (6ms)
Refreshing native plugins compatible for Editor in 2.44 ms, found 3 plugins.
Preloading 0 native plugins for Editor in 0.00 ms.
Unloading 3226 Unused Serialized files (Serialized files now loaded: 0)
Unloading 23 unused Assets / (101.8 KB). Loaded Objects now: 3710.
Memory consumption went from 116.8 MB to 116.7 MB.
Total: 2.382500 ms (FindLiveObjects: 0.216100 ms CreateObjectMapping: 0.121900 ms MarkObjects: 1.991300 ms  DeleteObjects: 0.052200 ms)

Prepare: number of updated asset objects reloaded= 0
AssetImportParameters requested are different than current active one (requested -> active):
  custom:container-demuxer-ogg: 62fdf1f143b41e24485cea50d1cbac27 -> 
  custom:video-decoder-ogg-theora: a1e56fd34408186e4bbccfd4996cb3dc -> 
  custom:framework-win-MediaFoundation: 216162199b28c13a410421893ffa2e32 -> 
  custom:CustomObjectIndexerAttribute: 756ad292c208cfabdd7b50bc23989ffe -> 
  custom:container-demuxer-webm: 4f35f7cbe854078d1ac9338744f61a02 -> 
  custom:container-muxer-webm: aa71ff27fc2769a1b78a27578f13a17b -> 
  custom:video-decoder-webm-vp8: 9c59270c3fd7afecdb556c50c9e8de78 -> 
  custom:SearchIndexIgnoredProperties: e643bd26f0fe6173181afceb89e7c659 -> 
  custom:AudioImporter_EditorPlatform: d09bf68614088b80899f8185d706f6e7 -> 
  custom:video-encoder-webm-vp8: eb34c28f22e8b96e1ab97ce403110664 -> 
  custom:audio-decoder-ogg-vorbis: bf7c407c2cedff20999df2af8eb42d56 -> 
  custom:audio-encoder-webm-vorbis: bf7c407c2cedff20999df2af8eb42d56 -> 
========================================================================
Received Prepare
Begin MonoManager ReloadAssembly
- Loaded All Assemblies, in  0.345 seconds
Refreshing native plugins compatible for Editor in 2.50 ms, found 3 plugins.
Native extension for WindowsStandalone target not found
[Package Manager] Server::EnsureServerProcessIsRunning -- launch failed, reason: Unity was launched with the -noUpm command-line argument
[Package Manager] UpmClient::Send -- Unable to send message (not connected to UPM process).
[Package Manager] Cannot connect to Unity Package Manager local server
Mono: successfully reloaded assembly
- Finished resetting the current domain, in  0.758 seconds
Domain Reload Profiling: 1101ms
	BeginReloadAssembly (119ms)
		ExecutionOrderSort (0ms)
		DisableScriptedObjects (4ms)
		BackupInstance (0ms)
		ReleaseScriptingObjects (0ms)
		CreateAndSetChildDomain (26ms)
	RebuildCommonClasses (33ms)
	RebuildNativeTypeToScriptingClass (9ms)
	initialDomainReloadingComplete (22ms)
	LoadAllAssembliesAndSetupDomain (160ms)
		LoadAssemblies (212ms)
		RebuildTransferFunctionScriptingTraits (0ms)
		AnalyzeDomain (10ms)
			TypeCache.Refresh (5ms)
				TypeCache.ScanAssembly (0ms)
			ScanForSourceGeneratedMonoScriptInfo (0ms)
			ResolveRequiredComponents (4ms)
	FinalizeReload (758ms)
		ReleaseScriptCaches (0ms)
		RebuildScriptCaches (0ms)
		SetupLoadedEditorAssemblies (380ms)
			LogAssemblyErrors (0ms)
			InitializePlatformSupportModulesInManaged (5ms)
			SetLoadedEditorAssemblies (4ms)
			RefreshPlugins (0ms)
			BeforeProcessingInitializeOnLoad (59ms)
			ProcessInitializeOnLoadAttributes (290ms)
			ProcessInitializeOnLoadMethodAttributes (16ms)
			AfterProcessingInitializeOnLoad (6ms)
			EditorAssembliesLoaded (0ms)
		ExecutionOrderSort2 (0ms)
		AwakeInstancesAfterBackupRestoration (5ms)
Refreshing native plugins compatible for Editor in 2.31 ms, found 3 plugins.
Preloading 0 native plugins for Editor in 0.00 ms.
Unloading 3226 Unused Serialized files (Serialized files now loaded: 0)
Unloading 23 unused Assets / (101.9 KB). Loaded Objects now: 3725.
Memory consumption went from 116.8 MB to 116.7 MB.
Total: 2.407300 ms (FindLiveObjects: 0.199000 ms CreateObjectMapping: 0.108700 ms MarkObjects: 2.050400 ms  DeleteObjects: 0.048200 ms)

Prepare: number of updated asset objects reloaded= 0
AssetImportParameters requested are different than current active one (requested -> active):
  custom:container-demuxer-ogg: 62fdf1f143b41e24485cea50d1cbac27 -> 
  custom:video-decoder-ogg-theora: a1e56fd34408186e4bbccfd4996cb3dc -> 
  custom:framework-win-MediaFoundation: 216162199b28c13a410421893ffa2e32 -> 
  custom:CustomObjectIndexerAttribute: 756ad292c208cfabdd7b50bc23989ffe -> 
  custom:container-demuxer-webm: 4f35f7cbe854078d1ac9338744f61a02 -> 
  custom:container-muxer-webm: aa71ff27fc2769a1b78a27578f13a17b -> 
  custom:video-decoder-webm-vp8: 9c59270c3fd7afecdb556c50c9e8de78 -> 
  custom:SearchIndexIgnoredProperties: e643bd26f0fe6173181afceb89e7c659 -> 
  custom:AudioImporter_EditorPlatform: d09bf68614088b80899f8185d706f6e7 -> 
  custom:video-encoder-webm-vp8: eb34c28f22e8b96e1ab97ce403110664 -> 
  custom:audio-decoder-ogg-vorbis: bf7c407c2cedff20999df2af8eb42d56 -> 
  custom:audio-encoder-webm-vorbis: bf7c407c2cedff20999df2af8eb42d56 -> 
========================================================================
Received Prepare
Begin MonoManager ReloadAssembly
- Loaded All Assemblies, in  0.347 seconds
Refreshing native plugins compatible for Editor in 2.28 ms, found 3 plugins.
Native extension for WindowsStandalone target not found
[Package Manager] Server::EnsureServerProcessIsRunning -- launch failed, reason: Unity was launched with the -noUpm command-line argument
[Package Manager] UpmClient::Send -- Unable to send message (not connected to UPM process).
[Package Manager] Cannot connect to Unity Package Manager local server
Mono: successfully reloaded assembly
- Finished resetting the current domain, in  0.698 seconds
Domain Reload Profiling: 1044ms
	BeginReloadAssembly (122ms)
		ExecutionOrderSort (0ms)
		DisableScriptedObjects (6ms)
		BackupInstance (0ms)
		ReleaseScriptingObjects (0ms)
		CreateAndSetChildDomain (27ms)
	RebuildCommonClasses (35ms)
	RebuildNativeTypeToScriptingClass (8ms)
	initialDomainReloadingComplete (24ms)
	LoadAllAssembliesAndSetupDomain (156ms)
		LoadAssemblies (208ms)
		RebuildTransferFunctionScriptingTraits (0ms)
		AnalyzeDomain (11ms)
			TypeCache.Refresh (6ms)
				TypeCache.ScanAssembly (0ms)
			ScanForSourceGeneratedMonoScriptInfo (0ms)
			ResolveRequiredComponents (4ms)
	FinalizeReload (699ms)
		ReleaseScriptCaches (0ms)
		RebuildScriptCaches (0ms)
		SetupLoadedEditorAssemblies (336ms)
			LogAssemblyErrors (0ms)
			InitializePlatformSupportModulesInManaged (5ms)
			SetLoadedEditorAssemblies (3ms)
			RefreshPlugins (0ms)
			BeforeProcessingInitializeOnLoad (49ms)
			ProcessInitializeOnLoadAttributes (256ms)
			ProcessInitializeOnLoadMethodAttributes (16ms)
			AfterProcessingInitializeOnLoad (6ms)
			EditorAssembliesLoaded (0ms)
		ExecutionOrderSort2 (0ms)
		AwakeInstancesAfterBackupRestoration (5ms)
Refreshing native plugins compatible for Editor in 2.96 ms, found 3 plugins.
Preloading 0 native plugins for Editor in 0.00 ms.
Unloading 3226 Unused Serialized files (Serialized files now loaded: 0)
Unloading 23 unused Assets / (101.7 KB). Loaded Objects now: 3740.
Memory consumption went from 116.8 MB to 116.7 MB.
Total: 2.958400 ms (FindLiveObjects: 0.250800 ms CreateObjectMapping: 0.121000 ms MarkObjects: 2.525900 ms  DeleteObjects: 0.059500 ms)

Prepare: number of updated asset objects reloaded= 0
AssetImportParameters requested are different than current active one (requested -> active):
  custom:container-demuxer-ogg: 62fdf1f143b41e24485cea50d1cbac27 -> 
  custom:video-decoder-ogg-theora: a1e56fd34408186e4bbccfd4996cb3dc -> 
  custom:framework-win-MediaFoundation: 216162199b28c13a410421893ffa2e32 -> 
  custom:CustomObjectIndexerAttribute: 756ad292c208cfabdd7b50bc23989ffe -> 
  custom:container-demuxer-webm: 4f35f7cbe854078d1ac9338744f61a02 -> 
  custom:container-muxer-webm: aa71ff27fc2769a1b78a27578f13a17b -> 
  custom:video-decoder-webm-vp8: 9c59270c3fd7afecdb556c50c9e8de78 -> 
  custom:SearchIndexIgnoredProperties: e643bd26f0fe6173181afceb89e7c659 -> 
  custom:AudioImporter_EditorPlatform: d09bf68614088b80899f8185d706f6e7 -> 
  custom:video-encoder-webm-vp8: eb34c28f22e8b96e1ab97ce403110664 -> 
  custom:audio-decoder-ogg-vorbis: bf7c407c2cedff20999df2af8eb42d56 -> 
  custom:audio-encoder-webm-vorbis: bf7c407c2cedff20999df2af8eb42d56 -> 
========================================================================
Received Prepare
Begin MonoManager ReloadAssembly
- Loaded All Assemblies, in  0.333 seconds
Refreshing native plugins compatible for Editor in 2.23 ms, found 3 plugins.
Native extension for WindowsStandalone target not found
[Package Manager] Server::EnsureServerProcessIsRunning -- launch failed, reason: Unity was launched with the -noUpm command-line argument
[Package Manager] UpmClient::Send -- Unable to send message (not connected to UPM process).
[Package Manager] Cannot connect to Unity Package Manager local server
Mono: successfully reloaded assembly
- Finished resetting the current domain, in  0.734 seconds
Domain Reload Profiling: 1066ms
	BeginReloadAssembly (121ms)
		ExecutionOrderSort (0ms)
		DisableScriptedObjects (4ms)
		BackupInstance (0ms)
		ReleaseScriptingObjects (0ms)
		CreateAndSetChildDomain (24ms)
	RebuildCommonClasses (24ms)
	RebuildNativeTypeToScriptingClass (8ms)
	initialDomainReloadingComplete (21ms)
	LoadAllAssembliesAndSetupDomain (156ms)
		LoadAssemblies (208ms)
		RebuildTransferFunctionScriptingTraits (0ms)
		AnalyzeDomain (11ms)
			TypeCache.Refresh (5ms)
				TypeCache.ScanAssembly (0ms)
			ScanForSourceGeneratedMonoScriptInfo (0ms)
			ResolveRequiredComponents (4ms)
	FinalizeReload (735ms)
		ReleaseScriptCaches (0ms)
		RebuildScriptCaches (0ms)
		SetupLoadedEditorAssemblies (364ms)
			LogAssemblyErrors (0ms)
			InitializePlatformSupportModulesInManaged (4ms)
			SetLoadedEditorAssemblies (3ms)
			RefreshPlugins (0ms)
			BeforeProcessingInitializeOnLoad (50ms)
			ProcessInitializeOnLoadAttributes (282ms)
			ProcessInitializeOnLoadMethodAttributes (18ms)
			AfterProcessingInitializeOnLoad (7ms)
			EditorAssembliesLoaded (0ms)
		ExecutionOrderSort2 (0ms)
		AwakeInstancesAfterBackupRestoration (6ms)
Refreshing native plugins compatible for Editor in 2.73 ms, found 3 plugins.
Preloading 0 native plugins for Editor in 0.00 ms.
Unloading 3226 Unused Serialized files (Serialized files now loaded: 0)
Unloading 23 unused Assets / (101.8 KB). Loaded Objects now: 3755.
Memory consumption went from 116.8 MB to 116.7 MB.
Total: 2.270600 ms (FindLiveObjects: 0.199200 ms CreateObjectMapping: 0.095300 ms MarkObjects: 1.925400 ms  DeleteObjects: 0.049700 ms)

Prepare: number of updated asset objects reloaded= 0
AssetImportParameters requested are different than current active one (requested -> active):
  custom:container-demuxer-ogg: 62fdf1f143b41e24485cea50d1cbac27 -> 
  custom:video-decoder-ogg-theora: a1e56fd34408186e4bbccfd4996cb3dc -> 
  custom:framework-win-MediaFoundation: 216162199b28c13a410421893ffa2e32 -> 
  custom:CustomObjectIndexerAttribute: 756ad292c208cfabdd7b50bc23989ffe -> 
  custom:container-demuxer-webm: 4f35f7cbe854078d1ac9338744f61a02 -> 
  custom:container-muxer-webm: aa71ff27fc2769a1b78a27578f13a17b -> 
  custom:video-decoder-webm-vp8: 9c59270c3fd7afecdb556c50c9e8de78 -> 
  custom:SearchIndexIgnoredProperties: e643bd26f0fe6173181afceb89e7c659 -> 
  custom:AudioImporter_EditorPlatform: d09bf68614088b80899f8185d706f6e7 -> 
  custom:video-encoder-webm-vp8: eb34c28f22e8b96e1ab97ce403110664 -> 
  custom:audio-decoder-ogg-vorbis: bf7c407c2cedff20999df2af8eb42d56 -> 
  custom:audio-encoder-webm-vorbis: bf7c407c2cedff20999df2af8eb42d56 -> 
========================================================================
Received Prepare
Begin MonoManager ReloadAssembly
- Loaded All Assemblies, in  0.354 seconds
Refreshing native plugins compatible for Editor in 2.93 ms, found 3 plugins.
Native extension for WindowsStandalone target not found
[Package Manager] Server::EnsureServerProcessIsRunning -- launch failed, reason: Unity was launched with the -noUpm command-line argument
[Package Manager] UpmClient::Send -- Unable to send message (not connected to UPM process).
[Package Manager] Cannot connect to Unity Package Manager local server
Mono: successfully reloaded assembly
- Finished resetting the current domain, in  0.754 seconds
Domain Reload Profiling: 1106ms
	BeginReloadAssembly (129ms)
		ExecutionOrderSort (0ms)
		DisableScriptedObjects (4ms)
		BackupInstance (0ms)
		ReleaseScriptingObjects (0ms)
		CreateAndSetChildDomain (26ms)
	RebuildCommonClasses (24ms)
	RebuildNativeTypeToScriptingClass (9ms)
	initialDomainReloadingComplete (29ms)
	LoadAllAssembliesAndSetupDomain (161ms)
		LoadAssemblies (218ms)
		RebuildTransferFunctionScriptingTraits (0ms)
		AnalyzeDomain (13ms)
			TypeCache.Refresh (6ms)
				TypeCache.ScanAssembly (0ms)
			ScanForSourceGeneratedMonoScriptInfo (0ms)
			ResolveRequiredComponents (5ms)
	FinalizeReload (754ms)
		ReleaseScriptCaches (0ms)
		RebuildScriptCaches (0ms)
		SetupLoadedEditorAssemblies (376ms)
			LogAssemblyErrors (0ms)
			InitializePlatformSupportModulesInManaged (6ms)
			SetLoadedEditorAssemblies (4ms)
			RefreshPlugins (0ms)
			BeforeProcessingInitializeOnLoad (56ms)
			ProcessInitializeOnLoadAttributes (285ms)
			ProcessInitializeOnLoadMethodAttributes (19ms)
			AfterProcessingInitializeOnLoad (6ms)
			EditorAssembliesLoaded (0ms)
		ExecutionOrderSort2 (0ms)
		AwakeInstancesAfterBackupRestoration (6ms)
Refreshing native plugins compatible for Editor in 2.19 ms, found 3 plugins.
Preloading 0 native plugins for Editor in 0.00 ms.
Unloading 3226 Unused Serialized files (Serialized files now loaded: 0)
Unloading 23 unused Assets / (101.7 KB). Loaded Objects now: 3770.
Memory consumption went from 116.9 MB to 116.8 MB.
Total: 2.180800 ms (FindLiveObjects: 0.226400 ms CreateObjectMapping: 0.112600 ms MarkObjects: 1.790000 ms  DeleteObjects: 0.051000 ms)

Prepare: number of updated asset objects reloaded= 0
AssetImportParameters requested are different than current active one (requested -> active):
  custom:container-demuxer-ogg: 62fdf1f143b41e24485cea50d1cbac27 -> 
  custom:video-decoder-ogg-theora: a1e56fd34408186e4bbccfd4996cb3dc -> 
  custom:framework-win-MediaFoundation: 216162199b28c13a410421893ffa2e32 -> 
  custom:CustomObjectIndexerAttribute: 756ad292c208cfabdd7b50bc23989ffe -> 
  custom:container-demuxer-webm: 4f35f7cbe854078d1ac9338744f61a02 -> 
  custom:container-muxer-webm: aa71ff27fc2769a1b78a27578f13a17b -> 
  custom:video-decoder-webm-vp8: 9c59270c3fd7afecdb556c50c9e8de78 -> 
  custom:SearchIndexIgnoredProperties: e643bd26f0fe6173181afceb89e7c659 -> 
  custom:AudioImporter_EditorPlatform: d09bf68614088b80899f8185d706f6e7 -> 
  custom:video-encoder-webm-vp8: eb34c28f22e8b96e1ab97ce403110664 -> 
  custom:audio-decoder-ogg-vorbis: bf7c407c2cedff20999df2af8eb42d56 -> 
  custom:audio-encoder-webm-vorbis: bf7c407c2cedff20999df2af8eb42d56 -> 
========================================================================
Received Prepare
Begin MonoManager ReloadAssembly
- Loaded All Assemblies, in  0.345 seconds
Refreshing native plugins compatible for Editor in 2.06 ms, found 3 plugins.
Native extension for WindowsStandalone target not found
[Package Manager] Server::EnsureServerProcessIsRunning -- launch failed, reason: Unity was launched with the -noUpm command-line argument
[Package Manager] UpmClient::Send -- Unable to send message (not connected to UPM process).
[Package Manager] Cannot connect to Unity Package Manager local server
Mono: successfully reloaded assembly
- Finished resetting the current domain, in  0.740 seconds
Domain Reload Profiling: 1084ms
	BeginReloadAssembly (124ms)
		ExecutionOrderSort (0ms)
		DisableScriptedObjects (4ms)
		BackupInstance (0ms)
		ReleaseScriptingObjects (0ms)
		CreateAndSetChildDomain (25ms)
	RebuildCommonClasses (29ms)
	RebuildNativeTypeToScriptingClass (9ms)
	initialDomainReloadingComplete (23ms)
	LoadAllAssembliesAndSetupDomain (158ms)
		LoadAssemblies (209ms)
		RebuildTransferFunctionScriptingTraits (0ms)
		AnalyzeDomain (11ms)
			TypeCache.Refresh (6ms)
				TypeCache.ScanAssembly (0ms)
			ScanForSourceGeneratedMonoScriptInfo (0ms)
			ResolveRequiredComponents (4ms)
	FinalizeReload (741ms)
		ReleaseScriptCaches (0ms)
		RebuildScriptCaches (0ms)
		SetupLoadedEditorAssemblies (364ms)
			LogAssemblyErrors (0ms)
			InitializePlatformSupportModulesInManaged (7ms)
			SetLoadedEditorAssemblies (4ms)
			RefreshPlugins (0ms)
			BeforeProcessingInitializeOnLoad (52ms)
			ProcessInitializeOnLoadAttributes (276ms)
			ProcessInitializeOnLoadMethodAttributes (18ms)
			AfterProcessingInitializeOnLoad (7ms)
			EditorAssembliesLoaded (0ms)
		ExecutionOrderSort2 (0ms)
		AwakeInstancesAfterBackupRestoration (5ms)
Refreshing native plugins compatible for Editor in 2.26 ms, found 3 plugins.
Preloading 0 native plugins for Editor in 0.00 ms.
Unloading 3226 Unused Serialized files (Serialized files now loaded: 0)
Unloading 23 unused Assets / (101.7 KB). Loaded Objects now: 3785.
Memory consumption went from 116.9 MB to 116.8 MB.
Total: 2.836200 ms (FindLiveObjects: 0.251300 ms CreateObjectMapping: 0.153400 ms MarkObjects: 2.359800 ms  DeleteObjects: 0.071000 ms)

Prepare: number of updated asset objects reloaded= 0
AssetImportParameters requested are different than current active one (requested -> active):
  custom:container-demuxer-ogg: 62fdf1f143b41e24485cea50d1cbac27 -> 
  custom:video-decoder-ogg-theora: a1e56fd34408186e4bbccfd4996cb3dc -> 
  custom:framework-win-MediaFoundation: 216162199b28c13a410421893ffa2e32 -> 
  custom:CustomObjectIndexerAttribute: 756ad292c208cfabdd7b50bc23989ffe -> 
  custom:container-demuxer-webm: 4f35f7cbe854078d1ac9338744f61a02 -> 
  custom:container-muxer-webm: aa71ff27fc2769a1b78a27578f13a17b -> 
  custom:video-decoder-webm-vp8: 9c59270c3fd7afecdb556c50c9e8de78 -> 
  custom:SearchIndexIgnoredProperties: e643bd26f0fe6173181afceb89e7c659 -> 
  custom:AudioImporter_EditorPlatform: d09bf68614088b80899f8185d706f6e7 -> 
  custom:video-encoder-webm-vp8: eb34c28f22e8b96e1ab97ce403110664 -> 
  custom:audio-decoder-ogg-vorbis: bf7c407c2cedff20999df2af8eb42d56 -> 
  custom:audio-encoder-webm-vorbis: bf7c407c2cedff20999df2af8eb42d56 -> 
========================================================================
Received Import Request.
  Time since last request: 4106.517454 seconds.
  path: Assets/3D Platformer/Models/Environment/modular_terrain_collection
  artifactKey: Guid(e11066e10b4d6bd4ba4e594231118cbc) Importer(815301076,1909f56bfc062723c751e8b465ee728b)
Start importing Assets/3D Platformer/Models/Environment/modular_terrain_collection using Guid(e11066e10b4d6bd4ba4e594231118cbc) Importer(815301076,1909f56bfc062723c751e8b465ee728b)  -> (artifact id: '0ea559913c3ce1f2578360f3d0c9dd91') in 0.002045 seconds
Number of updated asset objects reloaded before import = 0
Number of asset objects unloaded after import = 0
========================================================================
Received Import Request.
  Time since last request: 0.063946 seconds.
  path: Assets/3D Platformer/Models/Environment/modular_terrain_collection/Hilly_Prop_Mushroom_1.prefab
  artifactKey: Guid(74c980d5bbf159743a3d041f8bd2b20a) Importer(815301076,1909f56bfc062723c751e8b465ee728b)
Start importing Assets/3D Platformer/Models/Environment/modular_terrain_collection/Hilly_Prop_Mushroom_1.prefab using Guid(74c980d5bbf159743a3d041f8bd2b20a) Importer(815301076,1909f56bfc062723c751e8b465ee728b)  -> (artifact id: '68b41beb2d90a7ae9ace90a74f684679') in 0.103526 seconds
Number of updated asset objects reloaded before import = 0
Number of asset objects unloaded after import = 16
========================================================================
Received Import Request.
  Time since last request: 0.000028 seconds.
  path: Assets/3D Platformer/Models/Environment/modular_terrain_collection/Hilly_Prop_Tree_Cedar_1.prefab
  artifactKey: Guid(fcb8a48123dddc74f8328e5759e61bb1) Importer(815301076,1909f56bfc062723c751e8b465ee728b)
Start importing Assets/3D Platformer/Models/Environment/modular_terrain_collection/Hilly_Prop_Tree_Cedar_1.prefab using Guid(fcb8a48123dddc74f8328e5759e61bb1) Importer(815301076,1909f56bfc062723c751e8b465ee728b)  -> (artifact id: '9f8cb901b1b12c73a4c65fd7e8d40daa') in 0.008375 seconds
Number of updated asset objects reloaded before import = 0
Number of asset objects unloaded after import = 17
========================================================================
Received Import Request.
  Time since last request: 0.000020 seconds.
  path: Assets/3D Platformer/Models/Environment/modular_terrain_collection/Hilly_Prop_Tree_Pine_3.prefab
  artifactKey: Guid(007ec9f2e98a368499e3574c36e4ace8) Importer(815301076,1909f56bfc062723c751e8b465ee728b)
Start importing Assets/3D Platformer/Models/Environment/modular_terrain_collection/Hilly_Prop_Tree_Pine_3.prefab using Guid(007ec9f2e98a368499e3574c36e4ace8) Importer(815301076,1909f56bfc062723c751e8b465ee728b)  -> (artifact id: '0edeef013e8cbaa372ca30a00aa67476') in 0.008426 seconds
Number of updated asset objects reloaded before import = 0
Number of asset objects unloaded after import = 27
========================================================================
Received Import Request.
  Time since last request: 0.000014 seconds.
  path: Assets/3D Platformer/Models/Environment/modular_terrain_collection/Hilly_Prop_Tree_Oak_2.prefab
  artifactKey: Guid(6997b7daab64df1489bcab66da111b58) Importer(815301076,1909f56bfc062723c751e8b465ee728b)
Start importing Assets/3D Platformer/Models/Environment/modular_terrain_collection/Hilly_Prop_Tree_Oak_2.prefab using Guid(6997b7daab64df1489bcab66da111b58) Importer(815301076,1909f56bfc062723c751e8b465ee728b)  -> (artifact id: '917df7566ee352bdc3a5181ff297e27d') in 0.007267 seconds
Number of updated asset objects reloaded before import = 0
Number of asset objects unloaded after import = 17
========================================================================
Received Import Request.
  Time since last request: 0.000016 seconds.
  path: Assets/3D Platformer/Models/Environment/modular_terrain_collection/Hilly_Prop_Tree_Cedar_2.prefab
  artifactKey: Guid(6a8e594b7749d82439ce561438b6c5c2) Importer(815301076,1909f56bfc062723c751e8b465ee728b)
Start importing Assets/3D Platformer/Models/Environment/modular_terrain_collection/Hilly_Prop_Tree_Cedar_2.prefab using Guid(6a8e594b7749d82439ce561438b6c5c2) Importer(815301076,1909f56bfc062723c751e8b465ee728b)  -> (artifact id: '6ef005548d510eccbd7e0db9ad7eb1b1') in 0.006275 seconds
Number of updated asset objects reloaded before import = 0
Number of asset objects unloaded after import = 17
========================================================================
Received Import Request.
  Time since last request: 0.000020 seconds.
  path: Assets/3D Platformer/Models/Environment/modular_terrain_collection/Hilly_Prop_Tree_Pine_1.prefab
  artifactKey: Guid(c04dd1d41e8bdd041b4681d950a59045) Importer(815301076,1909f56bfc062723c751e8b465ee728b)
Start importing Assets/3D Platformer/Models/Environment/modular_terrain_collection/Hilly_Prop_Tree_Pine_1.prefab using Guid(c04dd1d41e8bdd041b4681d950a59045) Importer(815301076,1909f56bfc062723c751e8b465ee728b)  -> (artifact id: '1bc3ff8368b3be145fce02b8b74f4f61') in 0.007288 seconds
Number of updated asset objects reloaded before import = 0
Number of asset objects unloaded after import = 32
========================================================================
Received Import Request.
  Time since last request: 22.784631 seconds.
  path: Assets/3D Platformer/Models/Environment/modular_terrain_collection/Raw/Beach_Prop_Docks_Corner.fbx
  artifactKey: Guid(699b985181b5f424ca6a94a2b1b96bc7) Importer(815301076,1909f56bfc062723c751e8b465ee728b)
Start importing Assets/3D Platformer/Models/Environment/modular_terrain_collection/Raw/Beach_Prop_Docks_Corner.fbx using Guid(699b985181b5f424ca6a94a2b1b96bc7) Importer(815301076,1909f56bfc062723c751e8b465ee728b)  -> (artifact id: '4d70de96eea641f7b2117925003c12a0') in 0.143683 seconds
Number of updated asset objects reloaded before import = 0
Number of asset objects unloaded after import = 56
========================================================================
Received Import Request.
  Time since last request: 0.000017 seconds.
  path: Assets/3D Platformer/Models/Environment/modular_terrain_collection/Raw/Cave_Prop_Entrance_1.fbx
  artifactKey: Guid(2cfd72ec04163684fad9ab02fb303da9) Importer(815301076,1909f56bfc062723c751e8b465ee728b)
Start importing Assets/3D Platformer/Models/Environment/modular_terrain_collection/Raw/Cave_Prop_Entrance_1.fbx using Guid(2cfd72ec04163684fad9ab02fb303da9) Importer(815301076,1909f56bfc062723c751e8b465ee728b)  -> (artifact id: 'ec24c0fdc41addf9fbdca4448db07beb') in 0.031208 seconds
Number of updated asset objects reloaded before import = 0
Number of asset objects unloaded after import = 21
========================================================================
Received Import Request.
  Time since last request: 0.000019 seconds.
  path: Assets/3D Platformer/Models/Environment/modular_terrain_collection/Raw/Beach_Terrain_Sand_Corner_Outer_4x4.fbx
  artifactKey: Guid(310b36211aee686448ddaa1139bc8b56) Importer(815301076,1909f56bfc062723c751e8b465ee728b)
Start importing Assets/3D Platformer/Models/Environment/modular_terrain_collection/Raw/Beach_Terrain_Sand_Corner_Outer_4x4.fbx using Guid(310b36211aee686448ddaa1139bc8b56) Importer(815301076,1909f56bfc062723c751e8b465ee728b)  -> (artifact id: 'b8fd5053c25f98f615cd5e41778947ea') in 0.018362 seconds
Number of updated asset objects reloaded before import = 0
Number of asset objects unloaded after import = 10
========================================================================
Received Import Request.
  Time since last request: 0.000016 seconds.
  path: Assets/3D Platformer/Models/Environment/modular_terrain_collection/Raw/Cave_Prop_Stalagmite_Tiny.fbx
  artifactKey: Guid(ef704847b3279564dbc76a95cf1a80c0) Importer(815301076,1909f56bfc062723c751e8b465ee728b)
Start importing Assets/3D Platformer/Models/Environment/modular_terrain_collection/Raw/Cave_Prop_Stalagmite_Tiny.fbx using Guid(ef704847b3279564dbc76a95cf1a80c0) Importer(815301076,1909f56bfc062723c751e8b465ee728b)  -> (artifact id: 'fcf07228c02d66493ee1ac5aa3dc3702') in 0.015491 seconds
Number of updated asset objects reloaded before import = 0
Number of asset objects unloaded after import = 10
========================================================================
Received Import Request.
  Time since last request: 0.000014 seconds.
  path: Assets/3D Platformer/Models/Environment/modular_terrain_collection/Raw/Cave_Prop_Support_Corner_Brace_1.fbx
  artifactKey: Guid(a0a5dbb89c5588747b94f06130e6f1e9) Importer(815301076,1909f56bfc062723c751e8b465ee728b)
Start importing Assets/3D Platformer/Models/Environment/modular_terrain_collection/Raw/Cave_Prop_Support_Corner_Brace_1.fbx using Guid(a0a5dbb89c5588747b94f06130e6f1e9) Importer(815301076,1909f56bfc062723c751e8b465ee728b)  -> (artifact id: 'd247222cc78d9388768795444bd2e792') in 0.018977 seconds
Number of updated asset objects reloaded before import = 0
Number of asset objects unloaded after import = 11
========================================================================
Received Import Request.
  Time since last request: 0.000013 seconds.
  path: Assets/3D Platformer/Models/Environment/modular_terrain_collection/Raw/Cave_Prop_Support_Ceiling_Boards_4.fbx
  artifactKey: Guid(113ba4f3a444aa540bf18e39984ebe44) Importer(815301076,1909f56bfc062723c751e8b465ee728b)
Start importing Assets/3D Platformer/Models/Environment/modular_terrain_collection/Raw/Cave_Prop_Support_Ceiling_Boards_4.fbx using Guid(113ba4f3a444aa540bf18e39984ebe44) Importer(815301076,1909f56bfc062723c751e8b465ee728b)  -> (artifact id: 'eb68dfdc6462ac90517cf060a0221502') in 0.024093 seconds
Number of updated asset objects reloaded before import = 0
Number of asset objects unloaded after import = 16
========================================================================
Received Import Request.
  Time since last request: 0.000013 seconds.
  path: Assets/3D Platformer/Models/Environment/modular_terrain_collection/Raw/Cave_Prop_Minecart_1.fbx
  artifactKey: Guid(a5db1540fddb4194a8f9a38914364a38) Importer(815301076,1909f56bfc062723c751e8b465ee728b)
Start importing Assets/3D Platformer/Models/Environment/modular_terrain_collection/Raw/Cave_Prop_Minecart_1.fbx using Guid(a5db1540fddb4194a8f9a38914364a38) Importer(815301076,1909f56bfc062723c751e8b465ee728b)  -> (artifact id: '60b81e269967e8927aad53b69ee3f000') in 0.044785 seconds
Number of updated asset objects reloaded before import = 0
Number of asset objects unloaded after import = 27
========================================================================
Received Import Request.
  Time since last request: 0.000014 seconds.
  path: Assets/3D Platformer/Models/Environment/modular_terrain_collection/Raw/Beach_Prop_Tree_Palm_3.fbx
  artifactKey: Guid(2215a5cea30b6754da562cb1f7076a90) Importer(815301076,1909f56bfc062723c751e8b465ee728b)
Start importing Assets/3D Platformer/Models/Environment/modular_terrain_collection/Raw/Beach_Prop_Tree_Palm_3.fbx using Guid(2215a5cea30b6754da562cb1f7076a90) Importer(815301076,1909f56bfc062723c751e8b465ee728b)  -> (artifact id: '7704a80dfb49b23ba7bece7cc6351348') in 0.106999 seconds
Number of updated asset objects reloaded before import = 0
Number of asset objects unloaded after import = 77
========================================================================
Received Import Request.
  Time since last request: 0.000017 seconds.
  path: Assets/3D Platformer/Models/Environment/modular_terrain_collection/Raw/Cave_Prop_Railway_Hill_Gentle.fbx
  artifactKey: Guid(10f28bfae0fa9a244aa6e22a3a9ecd07) Importer(815301076,1909f56bfc062723c751e8b465ee728b)
Start importing Assets/3D Platformer/Models/Environment/modular_terrain_collection/Raw/Cave_Prop_Railway_Hill_Gentle.fbx using Guid(10f28bfae0fa9a244aa6e22a3a9ecd07) Importer(815301076,1909f56bfc062723c751e8b465ee728b)  -> (artifact id: '6cad22813223b397fd59d60fd68c92de') in 0.073660 seconds
Number of updated asset objects reloaded before import = 0
Number of asset objects unloaded after import = 56
========================================================================
Received Import Request.
  Time since last request: 0.000028 seconds.
  path: Assets/3D Platformer/Models/Environment/modular_terrain_collection/Raw/Cave_Prop_Hanging_Lamp_1.fbx
  artifactKey: Guid(ccc172c702568884a8278db68ea4eec5) Importer(815301076,1909f56bfc062723c751e8b465ee728b)
Start importing Assets/3D Platformer/Models/Environment/modular_terrain_collection/Raw/Cave_Prop_Hanging_Lamp_1.fbx using Guid(ccc172c702568884a8278db68ea4eec5) Importer(815301076,1909f56bfc062723c751e8b465ee728b)  -> (artifact id: '7955a5104f25280aba3c6db5a2358929') in 0.033371 seconds
Number of updated asset objects reloaded before import = 0
Number of asset objects unloaded after import = 22
========================================================================
Received Import Request.
  Time since last request: 0.000014 seconds.
  path: Assets/3D Platformer/Models/Environment/modular_terrain_collection/Raw/Beach_Prop_Shell_2.fbx
  artifactKey: Guid(b2e5ee2b6a1a50c49be12c1737364f76) Importer(815301076,1909f56bfc062723c751e8b465ee728b)
Start importing Assets/3D Platformer/Models/Environment/modular_terrain_collection/Raw/Beach_Prop_Shell_2.fbx using Guid(b2e5ee2b6a1a50c49be12c1737364f76) Importer(815301076,1909f56bfc062723c751e8b465ee728b)  -> (artifact id: '1cfd31dd5430a8d730eb45d18f908ca2') in 0.020687 seconds
Number of updated asset objects reloaded before import = 0
Number of asset objects unloaded after import = 12
========================================================================
Received Import Request.
  Time since last request: 0.000013 seconds.
  path: Assets/3D Platformer/Models/Environment/modular_terrain_collection/Raw/Cave_Prop_Railway_Switch.fbx
  artifactKey: Guid(eaec5a5e6dca7984fa2e3be1e8261172) Importer(815301076,1909f56bfc062723c751e8b465ee728b)
Start importing Assets/3D Platformer/Models/Environment/modular_terrain_collection/Raw/Cave_Prop_Railway_Switch.fbx using Guid(eaec5a5e6dca7984fa2e3be1e8261172) Importer(815301076,1909f56bfc062723c751e8b465ee728b)  -> (artifact id: 'e452ca609d4b0c0b36876dd9665a3d92') in 0.060655 seconds
Number of updated asset objects reloaded before import = 0
Number of asset objects unloaded after import = 42
========================================================================
Received Import Request.
  Time since last request: 0.000018 seconds.
  path: Assets/3D Platformer/Models/Environment/modular_terrain_collection/Raw/Cave_Prop_Hanging_Cables_1.fbx
  artifactKey: Guid(c3cf746505601254cb59046c727f9c6a) Importer(815301076,1909f56bfc062723c751e8b465ee728b)
Start importing Assets/3D Platformer/Models/Environment/modular_terrain_collection/Raw/Cave_Prop_Hanging_Cables_1.fbx using Guid(c3cf746505601254cb59046c727f9c6a) Importer(815301076,1909f56bfc062723c751e8b465ee728b)  -> (artifact id: '24e45138208f060eb680a3bd6b037411') in 0.020090 seconds
Number of updated asset objects reloaded before import = 0
Number of asset objects unloaded after import = 15
========================================================================
Received Import Request.
  Time since last request: 0.000014 seconds.
  path: Assets/3D Platformer/Models/Environment/modular_terrain_collection/Raw/Beach_Prop_Starfish_1.fbx
  artifactKey: Guid(6306b6b54cd395641aa25152af709440) Importer(815301076,1909f56bfc062723c751e8b465ee728b)
Start importing Assets/3D Platformer/Models/Environment/modular_terrain_collection/Raw/Beach_Prop_Starfish_1.fbx using Guid(6306b6b54cd395641aa25152af709440) Importer(815301076,1909f56bfc062723c751e8b465ee728b)  -> (artifact id: 'c7caac3255728be9b0b3f7082e27f805') in 0.015352 seconds
Number of updated asset objects reloaded before import = 0
Number of asset objects unloaded after import = 10
========================================================================
Received Import Request.
  Time since last request: 0.000012 seconds.
  path: Assets/3D Platformer/Models/Environment/modular_terrain_collection/Raw/Cave_Prop_Support_Ceiling_Beam_4.fbx
  artifactKey: Guid(9cfce3afa4889824f85a6320515962d8) Importer(815301076,1909f56bfc062723c751e8b465ee728b)
Start importing Assets/3D Platformer/Models/Environment/modular_terrain_collection/Raw/Cave_Prop_Support_Ceiling_Beam_4.fbx using Guid(9cfce3afa4889824f85a6320515962d8) Importer(815301076,1909f56bfc062723c751e8b465ee728b)  -> (artifact id: '8112e6dfc0c6f13a33bd9386f3345180') in 0.018470 seconds
Number of updated asset objects reloaded before import = 0
Number of asset objects unloaded after import = 11
========================================================================
Received Import Request.
  Time since last request: 0.000013 seconds.
  path: Assets/3D Platformer/Models/Environment/modular_terrain_collection/Raw/Cave_Prop_Railway_Straight_2.fbx
  artifactKey: Guid(3b5b25a6e246b8446824ae6de58ab7c7) Importer(815301076,1909f56bfc062723c751e8b465ee728b)
Start importing Assets/3D Platformer/Models/Environment/modular_terrain_collection/Raw/Cave_Prop_Railway_Straight_2.fbx using Guid(3b5b25a6e246b8446824ae6de58ab7c7) Importer(815301076,1909f56bfc062723c751e8b465ee728b)  -> (artifact id: '064d19dd8418bc76bc69fd7b988b7a04') in 0.040531 seconds
Number of updated asset objects reloaded before import = 0
Number of asset objects unloaded after import = 26
========================================================================
Received Import Request.
  Time since last request: 0.000014 seconds.
  path: Assets/3D Platformer/Models/Environment/modular_terrain_collection/Raw/Cave_Prop_Pick_Small.fbx
  artifactKey: Guid(ab5a07872dc75d34599d10922ce596e5) Importer(815301076,1909f56bfc062723c751e8b465ee728b)
Start importing Assets/3D Platformer/Models/Environment/modular_terrain_collection/Raw/Cave_Prop_Pick_Small.fbx using Guid(ab5a07872dc75d34599d10922ce596e5) Importer(815301076,1909f56bfc062723c751e8b465ee728b)  -> (artifact id: 'b1ae66fdafaf5603be384941007a84b7') in 0.029519 seconds
Number of updated asset objects reloaded before import = 0
Number of asset objects unloaded after import = 16
========================================================================
Received Import Request.
  Time since last request: 0.000024 seconds.
  path: Assets/3D Platformer/Models/Environment/modular_terrain_collection/Raw/Cave_Prop_Support_Corner_Brace_2.fbx
  artifactKey: Guid(33913eecfd3859a419c8a0273294df43) Importer(815301076,1909f56bfc062723c751e8b465ee728b)
Start importing Assets/3D Platformer/Models/Environment/modular_terrain_collection/Raw/Cave_Prop_Support_Corner_Brace_2.fbx using Guid(33913eecfd3859a419c8a0273294df43) Importer(815301076,1909f56bfc062723c751e8b465ee728b)  -> (artifact id: 'ce235c2e46f92e579dee7881697f2ff5') in 0.020102 seconds
Number of updated asset objects reloaded before import = 0
Number of asset objects unloaded after import = 11
========================================================================
Received Import Request.
  Time since last request: 0.000022 seconds.
  path: Assets/3D Platformer/Models/Environment/modular_terrain_collection/Raw/Cave_Prop_Railway_Straight_3.fbx
  artifactKey: Guid(4d87956da69cc074bb5bd6c43c14dd68) Importer(815301076,1909f56bfc062723c751e8b465ee728b)
Start importing Assets/3D Platformer/Models/Environment/modular_terrain_collection/Raw/Cave_Prop_Railway_Straight_3.fbx using Guid(4d87956da69cc074bb5bd6c43c14dd68) Importer(815301076,1909f56bfc062723c751e8b465ee728b)  -> (artifact id: 'b41936d0cbe0204eb01bd073ff0c5076') in 0.041042 seconds
Number of updated asset objects reloaded before import = 0
Number of asset objects unloaded after import = 26
========================================================================
Received Import Request.
  Time since last request: 0.000020 seconds.
  path: Assets/3D Platformer/Models/Environment/modular_terrain_collection/Raw/Cave_Cliff_Terrain_Entrance_Flat_Base.fbx
  artifactKey: Guid(0861be83d16fe3c49a35b8cc3b6937ac) Importer(815301076,1909f56bfc062723c751e8b465ee728b)
Start importing Assets/3D Platformer/Models/Environment/modular_terrain_collection/Raw/Cave_Cliff_Terrain_Entrance_Flat_Base.fbx using Guid(0861be83d16fe3c49a35b8cc3b6937ac) Importer(815301076,1909f56bfc062723c751e8b465ee728b)  -> (artifact id: '2dfff64ec64f7f1a2f69396f259edaf0') in 0.016361 seconds
Number of updated asset objects reloaded before import = 0
Number of asset objects unloaded after import = 10
Editor requested this worker to shutdown with reason: Scaling down because of idle timeout
TcpMessagingSession - receive error: operation aborted. errorcode: 995, details: La operación de E/S se anuló por una salida de subproceso o por una solicitud de aplicación.
AssetImportWorker is now disconnected from the server
Process exiting
Exiting without the bug reporter. Application will terminate with return code 0