Using pre-set license
Built from '2022.3/staging' branch; Version is '2022.3.10f1 (ff3792e53c62) revision 16725906'; Using compiler version '192829333'; Build Type 'Release'
OS: 'Windows 10  (10.0.19045) 64bit Professional' Language: 'es' Physical Memory: 16251 MB
BatchMode: 1, IsHumanControllingUs: 0, StartBugReporterOnCrash: 0, Is64bit: 1, IsPro: 1

COMMAND LINE ARGUMENTS:
C:\Program Files\Unity\Hub\Editor\2022.3.10f1\Editor\Unity.exe
-adb2
-batchMode
-noUpm
-name
AssetImportWorker0
-projectPath
C:/Users/alumTA/Documents/MIX MATERIAS S23/GITHUB/Videojuego3D/Videojuego3D_Imanol
-logFile
Logs/AssetImportWorker0.log
-srvPort
50380
Successfully changed project path to: C:/Users/alumTA/Documents/MIX MATERIAS S23/GITHUB/Videojuego3D/Videojuego3D_Imanol
C:/Users/alumTA/Documents/MIX MATERIAS S23/GITHUB/Videojuego3D/Videojuego3D_Imanol
[UnityMemory] Configuration Parameters - Can be set up in boot.config
    "memorysetup-bucket-allocator-granularity=16"
    "memorysetup-bucket-allocator-bucket-count=8"
    "memorysetup-bucket-allocator-block-size=33554432"
    "memorysetup-bucket-allocator-block-count=8"
    "memorysetup-main-allocator-block-size=16777216"
    "memorysetup-thread-allocator-block-size=16777216"
    "memorysetup-gfx-main-allocator-block-size=16777216"
    "memorysetup-gfx-thread-allocator-block-size=16777216"
    "memorysetup-cache-allocator-block-size=4194304"
    "memorysetup-typetree-allocator-block-size=2097152"
    "memorysetup-profiler-bucket-allocator-granularity=16"
    "memorysetup-profiler-bucket-allocator-bucket-count=8"
    "memorysetup-profiler-bucket-allocator-block-size=33554432"
    "memorysetup-profiler-bucket-allocator-block-count=8"
    "memorysetup-profiler-allocator-block-size=16777216"
    "memorysetup-profiler-editor-allocator-block-size=1048576"
    "memorysetup-temp-allocator-size-main=16777216"
    "memorysetup-job-temp-allocator-block-size=2097152"
    "memorysetup-job-temp-allocator-block-size-background=1048576"
    "memorysetup-job-temp-allocator-reduction-small-platforms=262144"
    "memorysetup-allocator-temp-initial-block-size-main=262144"
    "memorysetup-allocator-temp-initial-block-size-worker=262144"
    "memorysetup-temp-allocator-size-background-worker=32768"
    "memorysetup-temp-allocator-size-job-worker=262144"
    "memorysetup-temp-allocator-size-preload-manager=33554432"
    "memorysetup-temp-allocator-size-nav-mesh-worker=65536"
    "memorysetup-temp-allocator-size-audio-worker=65536"
    "memorysetup-temp-allocator-size-cloud-worker=32768"
    "memorysetup-temp-allocator-size-gi-baking-worker=262144"
    "memorysetup-temp-allocator-size-gfx=262144"
Player connection [16380] Host "[IP] 172.20.17.114 [Port] 0 [Flags] 2 [Guid] 266300742 [EditorId] 266300742 [Version] 1048832 [Id] WindowsEditor(7,3masan-A17-14) [Debug] 1 [PackageName] WindowsEditor [ProjectName] Editor" joined multi-casting on [225.0.0.222:54997]...

Player connection [16380] Host "[IP] 172.20.17.114 [Port] 0 [Flags] 2 [Guid] 266300742 [EditorId] 266300742 [Version] 1048832 [Id] WindowsEditor(7,3masan-A17-14) [Debug] 1 [PackageName] WindowsEditor [ProjectName] Editor" joined alternative multi-casting on [225.0.0.222:34997]...

[Physics::Module] Initialized MultithreadedJobDispatcher with 11 workers.
Refreshing native plugins compatible for Editor in 5.31 ms, found 3 plugins.
Preloading 0 native plugins for Editor in 0.00 ms.
Initialize engine version: 2022.3.10f1 (ff3792e53c62)
[Subsystems] Discovering subsystems at path C:/Program Files/Unity/Hub/Editor/2022.3.10f1/Editor/Data/Resources/UnitySubsystems
[Subsystems] Discovering subsystems at path C:/Users/alumTA/Documents/MIX MATERIAS S23/GITHUB/Videojuego3D/Videojuego3D_Imanol/Assets
GfxDevice: creating device client; threaded=0; jobified=0
Direct3D:
    Version:  Direct3D 11.0 [level 11.1]
    Renderer: NVIDIA GeForce GTX 1650 (ID=0x2188)
    Vendor:   NVIDIA
    VRAM:     3949 MB
    Driver:   31.0.15.3623
Initialize mono
Mono path[0] = 'C:/Program Files/Unity/Hub/Editor/2022.3.10f1/Editor/Data/Managed'
Mono path[1] = 'C:/Program Files/Unity/Hub/Editor/2022.3.10f1/Editor/Data/MonoBleedingEdge/lib/mono/unityjit-win32'
Mono config path = 'C:/Program Files/Unity/Hub/Editor/2022.3.10f1/Editor/Data/MonoBleedingEdge/etc'
Using monoOptions --debugger-agent=transport=dt_socket,embedding=1,server=y,suspend=n,address=127.0.0.1:56264
Begin MonoManager ReloadAssembly
Registering precompiled unity dll's ...
Register platform support module: C:/Program Files/Unity/Hub/Editor/2022.3.10f1/Editor/Data/PlaybackEngines/WindowsStandaloneSupport/UnityEditor.WindowsStandalone.Extensions.dll
Registered in 0.005954 seconds.
- Loaded All Assemblies, in  0.273 seconds
Native extension for WindowsStandalone target not found
Mono: successfully reloaded assembly
- Finished resetting the current domain, in  0.203 seconds
Domain Reload Profiling: 475ms
	BeginReloadAssembly (80ms)
		ExecutionOrderSort (0ms)
		DisableScriptedObjects (0ms)
		BackupInstance (0ms)
		ReleaseScriptingObjects (0ms)
		CreateAndSetChildDomain (1ms)
	RebuildCommonClasses (34ms)
	RebuildNativeTypeToScriptingClass (8ms)
	initialDomainReloadingComplete (44ms)
	LoadAllAssembliesAndSetupDomain (106ms)
		LoadAssemblies (78ms)
		RebuildTransferFunctionScriptingTraits (0ms)
		AnalyzeDomain (105ms)
			TypeCache.Refresh (104ms)
				TypeCache.ScanAssembly (94ms)
			ScanForSourceGeneratedMonoScriptInfo (0ms)
			ResolveRequiredComponents (0ms)
	FinalizeReload (203ms)
		ReleaseScriptCaches (0ms)
		RebuildScriptCaches (0ms)
		SetupLoadedEditorAssemblies (154ms)
			LogAssemblyErrors (0ms)
			InitializePlatformSupportModulesInManaged (7ms)
			SetLoadedEditorAssemblies (6ms)
			RefreshPlugins (0ms)
			BeforeProcessingInitializeOnLoad (2ms)
			ProcessInitializeOnLoadAttributes (103ms)
			ProcessInitializeOnLoadMethodAttributes (36ms)
			AfterProcessingInitializeOnLoad (0ms)
			EditorAssembliesLoaded (0ms)
		ExecutionOrderSort2 (0ms)
		AwakeInstancesAfterBackupRestoration (0ms)
========================================================================
Worker process is ready to serve import requests
Begin MonoManager ReloadAssembly
- Loaded All Assemblies, in  0.493 seconds
Refreshing native plugins compatible for Editor in 2.51 ms, found 3 plugins.
Native extension for WindowsStandalone target not found
Package Manager log level set to [2]
[Package Manager] Server::EnsureServerProcessIsRunning -- launch failed, reason: Unity was launched with the -noUpm command-line argument
[Package Manager] UpmClient::Send -- Unable to send message (not connected to UPM process).
[Package Manager] Cannot connect to Unity Package Manager local server
Mono: successfully reloaded assembly
- Finished resetting the current domain, in  0.437 seconds
Domain Reload Profiling: 928ms
	BeginReloadAssembly (120ms)
		ExecutionOrderSort (0ms)
		DisableScriptedObjects (4ms)
		BackupInstance (0ms)
		ReleaseScriptingObjects (0ms)
		CreateAndSetChildDomain (15ms)
	RebuildCommonClasses (26ms)
	RebuildNativeTypeToScriptingClass (8ms)
	initialDomainReloadingComplete (34ms)
	LoadAllAssembliesAndSetupDomain (303ms)
		LoadAssemblies (224ms)
		RebuildTransferFunctionScriptingTraits (0ms)
		AnalyzeDomain (150ms)
			TypeCache.Refresh (132ms)
				TypeCache.ScanAssembly (121ms)
			ScanForSourceGeneratedMonoScriptInfo (14ms)
			ResolveRequiredComponents (3ms)
	FinalizeReload (437ms)
		ReleaseScriptCaches (0ms)
		RebuildScriptCaches (0ms)
		SetupLoadedEditorAssemblies (318ms)
			LogAssemblyErrors (0ms)
			InitializePlatformSupportModulesInManaged (5ms)
			SetLoadedEditorAssemblies (4ms)
			RefreshPlugins (0ms)
			BeforeProcessingInitializeOnLoad (47ms)
			ProcessInitializeOnLoadAttributes (242ms)
			ProcessInitializeOnLoadMethodAttributes (16ms)
			AfterProcessingInitializeOnLoad (5ms)
			EditorAssembliesLoaded (0ms)
		ExecutionOrderSort2 (0ms)
		AwakeInstancesAfterBackupRestoration (5ms)
Launched and connected shader compiler UnityShaderCompiler.exe after 0.03 seconds
Refreshing native plugins compatible for Editor in 2.45 ms, found 3 plugins.
Preloading 0 native plugins for Editor in 0.00 ms.
Unloading 3070 Unused Serialized files (Serialized files now loaded: 0)
Unloading 31 unused Assets / (56.3 KB). Loaded Objects now: 3532.
Memory consumption went from 114.3 MB to 114.2 MB.
Total: 2.151400 ms (FindLiveObjects: 0.182400 ms CreateObjectMapping: 0.091500 ms MarkObjects: 1.770700 ms  DeleteObjects: 0.105700 ms)

AssetImportParameters requested are different than current active one (requested -> active):
  custom:container-demuxer-ogg: 62fdf1f143b41e24485cea50d1cbac27 -> 
  custom:video-decoder-ogg-theora: a1e56fd34408186e4bbccfd4996cb3dc -> 
  custom:framework-win-MediaFoundation: 216162199b28c13a410421893ffa2e32 -> 
  custom:container-demuxer-webm: 4f35f7cbe854078d1ac9338744f61a02 -> 
  custom:container-muxer-webm: aa71ff27fc2769a1b78a27578f13a17b -> 
  custom:video-decoder-webm-vp8: 9c59270c3fd7afecdb556c50c9e8de78 -> 
  custom:AudioImporter_EditorPlatform: d09bf68614088b80899f8185d706f6e7 -> 
  custom:video-encoder-webm-vp8: eb34c28f22e8b96e1ab97ce403110664 -> 
  custom:audio-decoder-ogg-vorbis: bf7c407c2cedff20999df2af8eb42d56 -> 
  custom:audio-encoder-webm-vorbis: bf7c407c2cedff20999df2af8eb42d56 -> 
========================================================================
Received Import Request.
  Time since last request: 585.044031 seconds.
  path: Assets/Scripts/playerController.cs
  artifactKey: Guid(ecc269004ecc6fa438cd284f4d6d043b) Importer(815301076,1909f56bfc062723c751e8b465ee728b)
Start importing Assets/Scripts/playerController.cs using Guid(ecc269004ecc6fa438cd284f4d6d043b) Importer(815301076,1909f56bfc062723c751e8b465ee728b)  -> (artifact id: '5b03888b13c6b54d7cd608d451a06f2a') in 0.002008 seconds
Number of updated asset objects reloaded before import = 0
Number of asset objects unloaded after import = 0
========================================================================
Received Prepare
Refreshing native plugins compatible for Editor in 2.13 ms, found 3 plugins.
Preloading 0 native plugins for Editor in 0.00 ms.
Unloading 0 Unused Serialized files (Serialized files now loaded: 0)
Unloading 1 unused Assets / (0.8 KB). Loaded Objects now: 3532.
Memory consumption went from 65.4 MB to 65.4 MB.
Total: 2.138900 ms (FindLiveObjects: 0.173500 ms CreateObjectMapping: 0.085800 ms MarkObjects: 1.866900 ms  DeleteObjects: 0.012400 ms)

Prepare: number of updated asset objects reloaded= 0
AssetImportParameters requested are different than current active one (requested -> active):
  custom:container-demuxer-ogg: 62fdf1f143b41e24485cea50d1cbac27 -> 
  custom:video-decoder-ogg-theora: a1e56fd34408186e4bbccfd4996cb3dc -> 
  custom:framework-win-MediaFoundation: 216162199b28c13a410421893ffa2e32 -> 
  custom:CustomObjectIndexerAttribute: 756ad292c208cfabdd7b50bc23989ffe -> 
  custom:container-demuxer-webm: 4f35f7cbe854078d1ac9338744f61a02 -> 
  custom:container-muxer-webm: aa71ff27fc2769a1b78a27578f13a17b -> 
  custom:video-decoder-webm-vp8: 9c59270c3fd7afecdb556c50c9e8de78 -> 
  custom:SearchIndexIgnoredProperties: e643bd26f0fe6173181afceb89e7c659 -> 
  custom:AudioImporter_EditorPlatform: d09bf68614088b80899f8185d706f6e7 -> 
  custom:video-encoder-webm-vp8: eb34c28f22e8b96e1ab97ce403110664 -> 
  custom:audio-decoder-ogg-vorbis: bf7c407c2cedff20999df2af8eb42d56 -> 
  custom:audio-encoder-webm-vorbis: bf7c407c2cedff20999df2af8eb42d56 -> 
========================================================================
Received Import Request.
  Time since last request: 713.196151 seconds.
  path: Assets/Scenes
  artifactKey: Guid(4577e4d2a6fb1df4fb40dfc91b70c930) Importer(815301076,1909f56bfc062723c751e8b465ee728b)
Start importing Assets/Scenes using Guid(4577e4d2a6fb1df4fb40dfc91b70c930) Importer(815301076,1909f56bfc062723c751e8b465ee728b)  -> (artifact id: '1160921a9b2eed761eb787100a1157ee') in 0.001391 seconds
Number of updated asset objects reloaded before import = 0
Number of asset objects unloaded after import = 0
========================================================================
Received Import Request.
  Time since last request: 314.080517 seconds.
  path: Assets/3D Platformer/Models/Player/Raw/Robot.fbx
  artifactKey: Guid(ddc15bb3e02cfc14d9c995b980d6b225) Importer(815301076,1909f56bfc062723c751e8b465ee728b)
Start importing Assets/3D Platformer/Models/Player/Raw/Robot.fbx using Guid(ddc15bb3e02cfc14d9c995b980d6b225) Importer(815301076,1909f56bfc062723c751e8b465ee728b)  -> (artifact id: 'ec1b85661906d43f878ea29a85ed7553') in 0.377194 seconds
Number of updated asset objects reloaded before import = 0
Number of asset objects unloaded after import = 212
========================================================================
Received Import Request.
  Time since last request: 47.923693 seconds.
  path: Assets/3D Platformer/Materials
  artifactKey: Guid(5a04b9badaf11aa4b8e11af9deb7d705) Importer(815301076,1909f56bfc062723c751e8b465ee728b)
Start importing Assets/3D Platformer/Materials using Guid(5a04b9badaf11aa4b8e11af9deb7d705) Importer(815301076,1909f56bfc062723c751e8b465ee728b)  -> (artifact id: 'ab1d23e5472b4a7872ec6d83f93df946') in 0.000514 seconds
Number of updated asset objects reloaded before import = 0
Number of asset objects unloaded after import = 0
========================================================================
Received Import Request.
  Time since last request: 0.070644 seconds.
  path: Assets/3D Platformer/Materials/Boss_Glow.mat
  artifactKey: Guid(bb846039549dd374485f4ccbede2ad8f) Importer(815301076,1909f56bfc062723c751e8b465ee728b)
Start importing Assets/3D Platformer/Materials/Boss_Glow.mat using Guid(bb846039549dd374485f4ccbede2ad8f) Importer(815301076,1909f56bfc062723c751e8b465ee728b)  -> (artifact id: '415ce62f3a3d3753d9d1449534ed80f9') in 0.018466 seconds
Number of updated asset objects reloaded before import = 0
Number of asset objects unloaded after import = 1
========================================================================
Received Import Request.
  Time since last request: 0.063638 seconds.
  path: Assets/3D Platformer/Materials/Boss_Secondary.mat
  artifactKey: Guid(4c418feed99a9ec45ae8c56305184f95) Importer(815301076,1909f56bfc062723c751e8b465ee728b)
Start importing Assets/3D Platformer/Materials/Boss_Secondary.mat using Guid(4c418feed99a9ec45ae8c56305184f95) Importer(815301076,1909f56bfc062723c751e8b465ee728b)  -> (artifact id: 'b9d593019006f13e51d93f1e224d4cd4') in 0.008243 seconds
Number of updated asset objects reloaded before import = 0
Number of asset objects unloaded after import = 1
========================================================================
Received Import Request.
  Time since last request: 0.000031 seconds.
  path: Assets/3D Platformer/Materials/Grass.mat
  artifactKey: Guid(c773c005d4fd82042965d4ac1d4e4395) Importer(815301076,1909f56bfc062723c751e8b465ee728b)
Start importing Assets/3D Platformer/Materials/Grass.mat using Guid(c773c005d4fd82042965d4ac1d4e4395) Importer(815301076,1909f56bfc062723c751e8b465ee728b)  -> (artifact id: 'e199f6a864e56cf7fa1cd3aa738f4461') in 0.008317 seconds
Number of updated asset objects reloaded before import = 0
Number of asset objects unloaded after import = 1
========================================================================
Received Import Request.
  Time since last request: 0.000019 seconds.
  path: Assets/3D Platformer/Materials/Player_Eye.mat
  artifactKey: Guid(b5b7ddc9f1f045949bdbf89544c02021) Importer(815301076,1909f56bfc062723c751e8b465ee728b)
Start importing Assets/3D Platformer/Materials/Player_Eye.mat using Guid(b5b7ddc9f1f045949bdbf89544c02021) Importer(815301076,1909f56bfc062723c751e8b465ee728b)  -> (artifact id: '338137eaf194c397d145e4cb90029404') in 0.009516 seconds
Number of updated asset objects reloaded before import = 0
Number of asset objects unloaded after import = 1
========================================================================
Received Import Request.
  Time since last request: 0.000020 seconds.
  path: Assets/3D Platformer/Materials/GroundCold.mat
  artifactKey: Guid(dc88aa145e09a594c9a43bcc36f546ea) Importer(815301076,1909f56bfc062723c751e8b465ee728b)
Start importing Assets/3D Platformer/Materials/GroundCold.mat using Guid(dc88aa145e09a594c9a43bcc36f546ea) Importer(815301076,1909f56bfc062723c751e8b465ee728b)  -> (artifact id: 'b0444614dc6f9bf233a0c69a15ed6c3c') in 0.009949 seconds
Number of updated asset objects reloaded before import = 0
Number of asset objects unloaded after import = 1
========================================================================
Received Import Request.
  Time since last request: 0.000016 seconds.
  path: Assets/3D Platformer/Materials/White.mat
  artifactKey: Guid(6c6360a1d55a18041a5190447e93570c) Importer(815301076,1909f56bfc062723c751e8b465ee728b)
Start importing Assets/3D Platformer/Materials/White.mat using Guid(6c6360a1d55a18041a5190447e93570c) Importer(815301076,1909f56bfc062723c751e8b465ee728b)  -> (artifact id: '39214bff0fd2346dba671d6537609781') in 0.027511 seconds
Number of updated asset objects reloaded before import = 0
Number of asset objects unloaded after import = 1
========================================================================
Received Import Request.
  Time since last request: 0.000050 seconds.
  path: Assets/3D Platformer/Materials/CP_Metal.mat
  artifactKey: Guid(e5f5a10a798c4444fb11b1227fbf58ad) Importer(815301076,1909f56bfc062723c751e8b465ee728b)
Start importing Assets/3D Platformer/Materials/CP_Metal.mat using Guid(e5f5a10a798c4444fb11b1227fbf58ad) Importer(815301076,1909f56bfc062723c751e8b465ee728b)  -> (artifact id: '608400ae046664c04ca4542c63ba9e24') in 0.006792 seconds
Number of updated asset objects reloaded before import = 0
Number of asset objects unloaded after import = 1
========================================================================
Received Import Request.
  Time since last request: 0.000015 seconds.
  path: Assets/3D Platformer/Materials/Player_Black.mat
  artifactKey: Guid(397c413362fc7364da7e06ede14aa944) Importer(815301076,1909f56bfc062723c751e8b465ee728b)
Start importing Assets/3D Platformer/Materials/Player_Black.mat using Guid(397c413362fc7364da7e06ede14aa944) Importer(815301076,1909f56bfc062723c751e8b465ee728b)  -> (artifact id: '676960dc1d9cf7f4d7f511a8f7d905ea') in 0.007897 seconds
Number of updated asset objects reloaded before import = 0
Number of asset objects unloaded after import = 1
========================================================================
Received Import Request.
  Time since last request: 0.000018 seconds.
  path: Assets/3D Platformer/Materials/GreenPipe.mat
  artifactKey: Guid(bd3955724513dfc4b88c3d0ef695b1ff) Importer(815301076,1909f56bfc062723c751e8b465ee728b)
Start importing Assets/3D Platformer/Materials/GreenPipe.mat using Guid(bd3955724513dfc4b88c3d0ef695b1ff) Importer(815301076,1909f56bfc062723c751e8b465ee728b)  -> (artifact id: '3dd501dade0c60259e3b52a65380153e') in 0.007438 seconds
Number of updated asset objects reloaded before import = 0
Number of asset objects unloaded after import = 1
========================================================================
Received Import Request.
  Time since last request: 0.000016 seconds.
  path: Assets/3D Platformer/Materials/Snow.mat
  artifactKey: Guid(961bd2256fd6c4448a18c0b54b623bb2) Importer(815301076,1909f56bfc062723c751e8b465ee728b)
Start importing Assets/3D Platformer/Materials/Snow.mat using Guid(961bd2256fd6c4448a18c0b54b623bb2) Importer(815301076,1909f56bfc062723c751e8b465ee728b)  -> (artifact id: '6cfa915d0f4741e48d66902301fe1005') in 0.006608 seconds
Number of updated asset objects reloaded before import = 0
Number of asset objects unloaded after import = 1
========================================================================
Received Import Request.
  Time since last request: 0.000022 seconds.
  path: Assets/3D Platformer/Materials/metal.mat
  artifactKey: Guid(67e0751a486618c448c6a2c9aa6da18f) Importer(815301076,1909f56bfc062723c751e8b465ee728b)
Start importing Assets/3D Platformer/Materials/metal.mat using Guid(67e0751a486618c448c6a2c9aa6da18f) Importer(815301076,1909f56bfc062723c751e8b465ee728b)  -> (artifact id: 'c99e4fd44db7cf65f37f61df3713695d') in 0.028421 seconds
Number of updated asset objects reloaded before import = 0
Number of asset objects unloaded after import = 1
========================================================================
Received Import Request.
  Time since last request: 0.000024 seconds.
  path: Assets/3D Platformer/Materials/Boss_Metal.mat
  artifactKey: Guid(256d9415726f7b047a99833695cbe396) Importer(815301076,1909f56bfc062723c751e8b465ee728b)
Start importing Assets/3D Platformer/Materials/Boss_Metal.mat using Guid(256d9415726f7b047a99833695cbe396) Importer(815301076,1909f56bfc062723c751e8b465ee728b)  -> (artifact id: '2ae354003a90af96ea1c9ca16977d4b4') in 0.005837 seconds
Number of updated asset objects reloaded before import = 0
Number of asset objects unloaded after import = 1
========================================================================
Received Import Request.
  Time since last request: 0.000017 seconds.
  path: Assets/3D Platformer/Materials/heart pickup.mat
  artifactKey: Guid(15b3bdb2f414d5b488ab5e1f2eb4a521) Importer(815301076,1909f56bfc062723c751e8b465ee728b)
Start importing Assets/3D Platformer/Materials/heart pickup.mat using Guid(15b3bdb2f414d5b488ab5e1f2eb4a521) Importer(815301076,1909f56bfc062723c751e8b465ee728b)  -> (artifact id: '2746638c4021dc1d257fd073fed6a054') in 0.005335 seconds
Number of updated asset objects reloaded before import = 0
Number of asset objects unloaded after import = 1
========================================================================
Received Import Request.
  Time since last request: 0.000014 seconds.
  path: Assets/3D Platformer/Materials/Red.mat
  artifactKey: Guid(7aeaef2289d1f57408bfc8e4dfbc52e8) Importer(815301076,1909f56bfc062723c751e8b465ee728b)
Start importing Assets/3D Platformer/Materials/Red.mat using Guid(7aeaef2289d1f57408bfc8e4dfbc52e8) Importer(815301076,1909f56bfc062723c751e8b465ee728b)  -> (artifact id: '20916e8fc8c0122dedaeab5cd1cbfea8') in 0.005644 seconds
Number of updated asset objects reloaded before import = 0
Number of asset objects unloaded after import = 1
========================================================================
Received Import Request.
  Time since last request: 0.000012 seconds.
  path: Assets/3D Platformer/Materials/Ground.mat
  artifactKey: Guid(26fcb4e738544ce4dadc04ed6c21d4d4) Importer(815301076,1909f56bfc062723c751e8b465ee728b)
Start importing Assets/3D Platformer/Materials/Ground.mat using Guid(26fcb4e738544ce4dadc04ed6c21d4d4) Importer(815301076,1909f56bfc062723c751e8b465ee728b)  -> (artifact id: '9a57a886efe83be1b1dcdd025ea283bf') in 0.004822 seconds
Number of updated asset objects reloaded before import = 0
Number of asset objects unloaded after import = 1
========================================================================
Received Import Request.
  Time since last request: 0.000013 seconds.
  path: Assets/3D Platformer/Materials/Player_Main.mat
  artifactKey: Guid(06e885128aa1a59489bc7cf05f756eb9) Importer(815301076,1909f56bfc062723c751e8b465ee728b)
Start importing Assets/3D Platformer/Materials/Player_Main.mat using Guid(06e885128aa1a59489bc7cf05f756eb9) Importer(815301076,1909f56bfc062723c751e8b465ee728b)  -> (artifact id: '70c94ac34b28795969d418f5199ab255') in 0.007150 seconds
Number of updated asset objects reloaded before import = 0
Number of asset objects unloaded after import = 1
========================================================================
Received Prepare
Begin MonoManager ReloadAssembly
- Loaded All Assemblies, in  0.382 seconds
Refreshing native plugins compatible for Editor in 2.66 ms, found 3 plugins.
Native extension for WindowsStandalone target not found
[Package Manager] Server::EnsureServerProcessIsRunning -- launch failed, reason: Unity was launched with the -noUpm command-line argument
[Package Manager] UpmClient::Send -- Unable to send message (not connected to UPM process).
[Package Manager] Cannot connect to Unity Package Manager local server
Mono: successfully reloaded assembly
- Finished resetting the current domain, in  0.783 seconds
Domain Reload Profiling: 1163ms
	BeginReloadAssembly (138ms)
		ExecutionOrderSort (0ms)
		DisableScriptedObjects (5ms)
		BackupInstance (0ms)
		ReleaseScriptingObjects (0ms)
		CreateAndSetChildDomain (37ms)
	RebuildCommonClasses (24ms)
	RebuildNativeTypeToScriptingClass (9ms)
	initialDomainReloadingComplete (32ms)
	LoadAllAssembliesAndSetupDomain (178ms)
		LoadAssemblies (235ms)
		RebuildTransferFunctionScriptingTraits (0ms)
		AnalyzeDomain (9ms)
			TypeCache.Refresh (5ms)
				TypeCache.ScanAssembly (0ms)
			ScanForSourceGeneratedMonoScriptInfo (0ms)
			ResolveRequiredComponents (3ms)
	FinalizeReload (783ms)
		ReleaseScriptCaches (0ms)
		RebuildScriptCaches (0ms)
		SetupLoadedEditorAssemblies (368ms)
			LogAssemblyErrors (0ms)
			InitializePlatformSupportModulesInManaged (6ms)
			SetLoadedEditorAssemblies (4ms)
			RefreshPlugins (0ms)
			BeforeProcessingInitializeOnLoad (61ms)
			ProcessInitializeOnLoadAttributes (272ms)
			ProcessInitializeOnLoadMethodAttributes (18ms)
			AfterProcessingInitializeOnLoad (6ms)
			EditorAssembliesLoaded (0ms)
		ExecutionOrderSort2 (0ms)
		AwakeInstancesAfterBackupRestoration (7ms)
Refreshing native plugins compatible for Editor in 2.89 ms, found 3 plugins.
Preloading 0 native plugins for Editor in 0.00 ms.
Unloading 3062 Unused Serialized files (Serialized files now loaded: 0)
Unloading 22 unused Assets / (30.5 KB). Loaded Objects now: 3580.
Memory consumption went from 119.8 MB to 119.7 MB.
Total: 2.188900 ms (FindLiveObjects: 0.180100 ms CreateObjectMapping: 0.085100 ms MarkObjects: 1.889300 ms  DeleteObjects: 0.033700 ms)

Prepare: number of updated asset objects reloaded= 0
AssetImportParameters requested are different than current active one (requested -> active):
  custom:container-demuxer-ogg: 62fdf1f143b41e24485cea50d1cbac27 -> 
  custom:video-decoder-ogg-theora: a1e56fd34408186e4bbccfd4996cb3dc -> 
  custom:framework-win-MediaFoundation: 216162199b28c13a410421893ffa2e32 -> 
  custom:CustomObjectIndexerAttribute: 756ad292c208cfabdd7b50bc23989ffe -> 
  custom:container-demuxer-webm: 4f35f7cbe854078d1ac9338744f61a02 -> 
  custom:container-muxer-webm: aa71ff27fc2769a1b78a27578f13a17b -> 
  custom:video-decoder-webm-vp8: 9c59270c3fd7afecdb556c50c9e8de78 -> 
  custom:SearchIndexIgnoredProperties: e643bd26f0fe6173181afceb89e7c659 -> 
  custom:AudioImporter_EditorPlatform: d09bf68614088b80899f8185d706f6e7 -> 
  custom:video-encoder-webm-vp8: eb34c28f22e8b96e1ab97ce403110664 -> 
  custom:audio-decoder-ogg-vorbis: bf7c407c2cedff20999df2af8eb42d56 -> 
  custom:audio-encoder-webm-vorbis: bf7c407c2cedff20999df2af8eb42d56 -> 
========================================================================
Received Prepare
Begin MonoManager ReloadAssembly
- Loaded All Assemblies, in  0.340 seconds
Refreshing native plugins compatible for Editor in 2.17 ms, found 3 plugins.
Native extension for WindowsStandalone target not found
[Package Manager] Server::EnsureServerProcessIsRunning -- launch failed, reason: Unity was launched with the -noUpm command-line argument
[Package Manager] UpmClient::Send -- Unable to send message (not connected to UPM process).
[Package Manager] Cannot connect to Unity Package Manager local server
Mono: successfully reloaded assembly
- Finished resetting the current domain, in  0.748 seconds
Domain Reload Profiling: 1085ms
	BeginReloadAssembly (118ms)
		ExecutionOrderSort (0ms)
		DisableScriptedObjects (4ms)
		BackupInstance (0ms)
		ReleaseScriptingObjects (0ms)
		CreateAndSetChildDomain (24ms)
	RebuildCommonClasses (26ms)
	RebuildNativeTypeToScriptingClass (11ms)
	initialDomainReloadingComplete (27ms)
	LoadAllAssembliesAndSetupDomain (155ms)
		LoadAssemblies (210ms)
		RebuildTransferFunctionScriptingTraits (0ms)
		AnalyzeDomain (10ms)
			TypeCache.Refresh (5ms)
				TypeCache.ScanAssembly (0ms)
			ScanForSourceGeneratedMonoScriptInfo (0ms)
			ResolveRequiredComponents (4ms)
	FinalizeReload (748ms)
		ReleaseScriptCaches (0ms)
		RebuildScriptCaches (0ms)
		SetupLoadedEditorAssemblies (367ms)
			LogAssemblyErrors (0ms)
			InitializePlatformSupportModulesInManaged (5ms)
			SetLoadedEditorAssemblies (4ms)
			RefreshPlugins (0ms)
			BeforeProcessingInitializeOnLoad (64ms)
			ProcessInitializeOnLoadAttributes (269ms)
			ProcessInitializeOnLoadMethodAttributes (18ms)
			AfterProcessingInitializeOnLoad (7ms)
			EditorAssembliesLoaded (0ms)
		ExecutionOrderSort2 (0ms)
		AwakeInstancesAfterBackupRestoration (7ms)
Refreshing native plugins compatible for Editor in 2.35 ms, found 3 plugins.
Preloading 0 native plugins for Editor in 0.00 ms.
Unloading 3063 Unused Serialized files (Serialized files now loaded: 0)
Unloading 22 unused Assets / (30.5 KB). Loaded Objects now: 3583.
Memory consumption went from 120.0 MB to 120.0 MB.
Total: 2.873700 ms (FindLiveObjects: 0.225600 ms CreateObjectMapping: 0.147500 ms MarkObjects: 2.460100 ms  DeleteObjects: 0.039700 ms)

Prepare: number of updated asset objects reloaded= 0
AssetImportParameters requested are different than current active one (requested -> active):
  custom:container-demuxer-ogg: 62fdf1f143b41e24485cea50d1cbac27 -> 
  custom:video-decoder-ogg-theora: a1e56fd34408186e4bbccfd4996cb3dc -> 
  custom:framework-win-MediaFoundation: 216162199b28c13a410421893ffa2e32 -> 
  custom:CustomObjectIndexerAttribute: 756ad292c208cfabdd7b50bc23989ffe -> 
  custom:container-demuxer-webm: 4f35f7cbe854078d1ac9338744f61a02 -> 
  custom:container-muxer-webm: aa71ff27fc2769a1b78a27578f13a17b -> 
  custom:video-decoder-webm-vp8: 9c59270c3fd7afecdb556c50c9e8de78 -> 
  custom:SearchIndexIgnoredProperties: e643bd26f0fe6173181afceb89e7c659 -> 
  custom:AudioImporter_EditorPlatform: d09bf68614088b80899f8185d706f6e7 -> 
  custom:video-encoder-webm-vp8: eb34c28f22e8b96e1ab97ce403110664 -> 
  custom:audio-decoder-ogg-vorbis: bf7c407c2cedff20999df2af8eb42d56 -> 
  custom:audio-encoder-webm-vorbis: bf7c407c2cedff20999df2af8eb42d56 -> 
